<?xml version="1.0" encoding="UTF-8"?>
<testng-results ignored="0" total="15" passed="13" failed="2" skipped="0">
  <reporter-output>
  </reporter-output>
  <suite started-at="2020-04-13T16:32:03 MSK" name="TestSuite" finished-at="2020-04-13T16:33:01 MSK" duration-ms="57982">
    <groups>
    </groups>
    <test started-at="2020-04-13T16:32:03 MSK" name="Test1" finished-at="2020-04-13T16:33:01 MSK" duration-ms="57982">
      <class name="ru.technoserv.atmaven.tests.RegexTest">
        <test-method signature="regexTest()[pri:0, instance:ru.technoserv.atmaven.tests.RegexTest@2bea5ab4]" started-at="2020-04-13T16:33:01 MSK" name="regexTest" description="Тестируем Регэкс" finished-at="2020-04-13T16:33:01 MSK" duration-ms="5" status="PASS">
          <reporter-output>
          </reporter-output>
        </test-method> <!-- regexTest -->
      </class> <!-- ru.technoserv.atmaven.tests.RegexTest -->
      <class name="ru.technoserv.atmaven.tests.SelenideTest">
        <test-method signature="testElement()[pri:0, instance:ru.technoserv.atmaven.tests.SelenideTest@6c9f5c0d]" started-at="2020-04-13T16:32:54 MSK" name="testElement" finished-at="2020-04-13T16:32:57 MSK" duration-ms="2779" status="PASS">
          <reporter-output>
          </reporter-output>
        </test-method> <!-- testElement -->
        <test-method signature="testTitle()[pri:0, instance:ru.technoserv.atmaven.tests.SelenideTest@6c9f5c0d]" started-at="2020-04-13T16:32:57 MSK" name="testTitle" finished-at="2020-04-13T16:32:58 MSK" duration-ms="1350" status="PASS">
          <reporter-output>
          </reporter-output>
        </test-method> <!-- testTitle -->
      </class> <!-- ru.technoserv.atmaven.tests.SelenideTest -->
      <class name="ru.technoserv.atmaven.tests.TitleTest">
        <test-method is-config="true" signature="openSite()[pri:0, instance:ru.technoserv.atmaven.tests.TitleTest@dbd940d]" started-at="2020-04-13T16:32:09 MSK" name="openSite" finished-at="2020-04-13T16:32:10 MSK" duration-ms="1429" status="PASS">
          <reporter-output>
          </reporter-output>
        </test-method> <!-- openSite -->
        <test-method signature="testTitle()[pri:0, instance:ru.technoserv.atmaven.tests.TitleTest@dbd940d]" started-at="2020-04-13T16:32:10 MSK" name="testTitle" finished-at="2020-04-13T16:32:10 MSK" duration-ms="8" status="PASS">
          <reporter-output>
          </reporter-output>
        </test-method> <!-- testTitle -->
        <test-method is-config="true" signature="closeSite()[pri:0, instance:ru.technoserv.atmaven.tests.TitleTest@dbd940d]" started-at="2020-04-13T16:32:10 MSK" name="closeSite" finished-at="2020-04-13T16:32:10 MSK" duration-ms="73" status="PASS">
          <reporter-output>
          </reporter-output>
        </test-method> <!-- closeSite -->
      </class> <!-- ru.technoserv.atmaven.tests.TitleTest -->
      <class name="ru.technoserv.atmaven.tests.FirstE2ETest">
        <test-method is-config="true" signature="openSite()[pri:0, instance:ru.technoserv.atmaven.tests.FirstE2ETest@76b10754]" started-at="2020-04-13T16:32:58 MSK" name="openSite" finished-at="2020-04-13T16:33:01 MSK" duration-ms="2562" status="PASS">
          <reporter-output>
          </reporter-output>
        </test-method> <!-- openSite -->
        <test-method signature="verifyHomepageTitle()[pri:0, instance:ru.technoserv.atmaven.tests.FirstE2ETest@76b10754]" started-at="2020-04-13T16:33:01 MSK" name="verifyHomepageTitle" finished-at="2020-04-13T16:33:01 MSK" duration-ms="5" status="PASS">
          <reporter-output>
          </reporter-output>
        </test-method> <!-- verifyHomepageTitle -->
        <test-method signature="verifyMainLabel()[pri:0, instance:ru.technoserv.atmaven.tests.FirstE2ETest@76b10754]" started-at="2020-04-13T16:33:01 MSK" name="verifyMainLabel" finished-at="2020-04-13T16:33:01 MSK" duration-ms="22" status="PASS">
          <reporter-output>
          </reporter-output>
        </test-method> <!-- verifyMainLabel -->
        <test-method is-config="true" signature="closeSite()[pri:0, instance:ru.technoserv.atmaven.tests.FirstE2ETest@76b10754]" started-at="2020-04-13T16:33:01 MSK" name="closeSite" finished-at="2020-04-13T16:33:01 MSK" duration-ms="72" status="PASS">
          <reporter-output>
          </reporter-output>
        </test-method> <!-- closeSite -->
      </class> <!-- ru.technoserv.atmaven.tests.FirstE2ETest -->
      <class name="ru.technoserv.atmaven.tests.GoogleTest">
        <test-method signature="userCanSearch()[pri:0, instance:ru.technoserv.atmaven.tests.GoogleTest@3439f68d]" started-at="2020-04-13T16:32:03 MSK" name="userCanSearch" finished-at="2020-04-13T16:32:09 MSK" duration-ms="5846" status="PASS">
          <reporter-output>
          </reporter-output>
        </test-method> <!-- userCanSearch -->
      </class> <!-- ru.technoserv.atmaven.tests.GoogleTest -->
      <class name="ru.technoserv.atmaven.tests.GithubTest">
        <test-method is-config="true" signature="openGitHub()[pri:0, instance:ru.technoserv.atmaven.tests.GithubTest@71d15f18]" started-at="2020-04-13T16:32:10 MSK" name="openGitHub" finished-at="2020-04-13T16:32:12 MSK" duration-ms="1766" status="PASS">
          <reporter-output>
          </reporter-output>
        </test-method> <!-- openGitHub -->
        <test-method signature="userCanBrowseProjectSources()[pri:0, instance:ru.technoserv.atmaven.tests.GithubTest@71d15f18]" started-at="2020-04-13T16:32:12 MSK" name="userCanBrowseProjectSources" finished-at="2020-04-13T16:32:39 MSK" duration-ms="26355" status="FAIL">
          <exception class="com.codeborne.selenide.ex.ElementNotFound">
            <message>
              <![CDATA[Element not found {td.content.findBy(text 'src')}
Expected: exist
Screenshot: file:/Users/idsidorov/IdeaProjects/atmaven/build/reports/tests/ru/technoserv/atmaven/tests/GithubTest/userCanBrowseProjectSources/1586784758676.1.png
Page source: file:/Users/idsidorov/IdeaProjects/atmaven/build/reports/tests/ru/technoserv/atmaven/tests/GithubTest/userCanBrowseProjectSources/1586784758676.1.html
Timeout: 4 s.
Caused by: Element not found {td.content.findBy(text 'src')}
Expected: text 'src'
Screenshot: null
Timeout: 0 ms.]]>
            </message>
            <full-stacktrace>
              <![CDATA[Element not found {td.content.findBy(text 'src')}
Expected: exist
Screenshot: file:/Users/idsidorov/IdeaProjects/atmaven/build/reports/tests/ru/technoserv/atmaven/tests/GithubTest/userCanBrowseProjectSources/1586784758676.1.png
Page source: file:/Users/idsidorov/IdeaProjects/atmaven/build/reports/tests/ru/technoserv/atmaven/tests/GithubTest/userCanBrowseProjectSources/1586784758676.1.html
Timeout: 4 s.
Caused by: Element not found {td.content.findBy(text 'src')}
Expected: text 'src'
Screenshot: null
Timeout: 0 ms.
at com.codeborne.selenide.impl.WebElementSource.createElementNotFoundError(WebElementSource.java:37)
at com.codeborne.selenide.impl.CollectionElementByCondition.createElementNotFoundError(CollectionElementByCondition.java:59)
at com.codeborne.selenide.impl.WebElementSource.checkCondition(WebElementSource.java:65)
at com.codeborne.selenide.commands.Should.execute(Should.java:24)
at com.codeborne.selenide.commands.Should.execute(Should.java:10)
at com.codeborne.selenide.commands.Commands.execute(Commands.java:148)
at com.codeborne.selenide.impl.SelenideElementProxy.dispatchAndRetry(SelenideElementProxy.java:99)
at com.codeborne.selenide.impl.SelenideElementProxy.invoke(SelenideElementProxy.java:65)
at com.sun.proxy.$Proxy10.should(Unknown Source)
at com.codeborne.selenide.impl.ElementFinder.createElementNotFoundError(ElementFinder.java:94)
at com.codeborne.selenide.impl.WebElementSource.checkCondition(WebElementSource.java:65)
at com.codeborne.selenide.impl.WebElementSource.findAndAssertElementIsInteractable(WebElementSource.java:87)
at com.codeborne.selenide.commands.Click.execute(Click.java:13)
at com.codeborne.selenide.commands.Click.execute(Click.java:9)
at com.codeborne.selenide.commands.Commands.execute(Commands.java:148)
at com.codeborne.selenide.impl.SelenideElementProxy.dispatchAndRetry(SelenideElementProxy.java:99)
at com.codeborne.selenide.impl.SelenideElementProxy.invoke(SelenideElementProxy.java:65)
at com.sun.proxy.$Proxy10.click(Unknown Source)
at ru.technoserv.atmaven.tests.pages.github.RepositoryPage.openSource(RepositoryPage.java:18)
at ru.technoserv.atmaven.tests.GithubTest.userCanBrowseProjectSources(GithubTest.java:51)
at java.base/jdk.internal.reflect.NativeMethodAccessorImpl.invoke0(Native Method)
at java.base/jdk.internal.reflect.NativeMethodAccessorImpl.invoke(NativeMethodAccessorImpl.java:62)
at java.base/jdk.internal.reflect.DelegatingMethodAccessorImpl.invoke(DelegatingMethodAccessorImpl.java:43)
at java.base/java.lang.reflect.Method.invoke(Method.java:564)
at org.testng.internal.MethodInvocationHelper.invokeMethod(MethodInvocationHelper.java:134)
at org.testng.internal.TestInvoker.invokeMethod(TestInvoker.java:597)
at org.testng.internal.TestInvoker.invokeTestMethod(TestInvoker.java:173)
at org.testng.internal.MethodRunner.runInSequence(MethodRunner.java:46)
at org.testng.internal.TestInvoker$MethodInvocationAgent.invoke(TestInvoker.java:816)
at org.testng.internal.TestInvoker.invokeTestMethods(TestInvoker.java:146)
at org.testng.internal.TestMethodWorker.invokeTestMethods(TestMethodWorker.java:146)
at org.testng.internal.TestMethodWorker.run(TestMethodWorker.java:128)
at java.base/java.util.ArrayList.forEach(ArrayList.java:1510)
at org.testng.TestRunner.privateRun(TestRunner.java:766)
at org.testng.TestRunner.run(TestRunner.java:587)
at org.testng.SuiteRunner.runTest(SuiteRunner.java:384)
at org.testng.SuiteRunner.runSequentially(SuiteRunner.java:378)
at org.testng.SuiteRunner.privateRun(SuiteRunner.java:337)
at org.testng.SuiteRunner.run(SuiteRunner.java:286)
at org.testng.SuiteRunnerWorker.runSuite(SuiteRunnerWorker.java:53)
at org.testng.SuiteRunnerWorker.run(SuiteRunnerWorker.java:96)
at org.testng.TestNG.runSuitesSequentially(TestNG.java:1187)
at org.testng.TestNG.runSuitesLocally(TestNG.java:1109)
at org.testng.TestNG.runSuites(TestNG.java:1039)
at org.testng.TestNG.run(TestNG.java:1007)
at com.intellij.rt.testng.IDEARemoteTestNG.run(IDEARemoteTestNG.java:66)
at com.intellij.rt.testng.RemoteTestNGStarter.main(RemoteTestNGStarter.java:110)
Caused by: Element not found {td.content.findBy(text 'src')}
Expected: text 'src'
Screenshot: null
Timeout: 0 ms.
at com.codeborne.selenide.impl.CollectionElementByCondition.getWebElement(CollectionElementByCondition.java:45)
at com.codeborne.selenide.impl.WebElementSource.checkCondition(WebElementSource.java:50)
... 44 more
]]>
            </full-stacktrace>
          </exception> <!-- com.codeborne.selenide.ex.ElementNotFound -->
          <reporter-output>
          </reporter-output>
        </test-method> <!-- userCanBrowseProjectSources -->
        <test-method is-config="true" signature="openGitHub()[pri:0, instance:ru.technoserv.atmaven.tests.GithubTest@71d15f18]" started-at="2020-04-13T16:32:39 MSK" name="openGitHub" finished-at="2020-04-13T16:32:41 MSK" duration-ms="2298" status="PASS">
          <reporter-output>
          </reporter-output>
        </test-method> <!-- openGitHub -->
        <test-method signature="userCanSearchRepositories()[pri:0, instance:ru.technoserv.atmaven.tests.GithubTest@71d15f18]" started-at="2020-04-13T16:32:41 MSK" name="userCanSearchRepositories" finished-at="2020-04-13T16:32:42 MSK" duration-ms="694" status="PASS">
          <reporter-output>
          </reporter-output>
        </test-method> <!-- userCanSearchRepositories -->
        <test-method is-config="true" signature="openGitHub()[pri:0, instance:ru.technoserv.atmaven.tests.GithubTest@71d15f18]" started-at="2020-04-13T16:32:42 MSK" name="openGitHub" finished-at="2020-04-13T16:32:43 MSK" duration-ms="1637" status="PASS">
          <reporter-output>
          </reporter-output>
        </test-method> <!-- openGitHub -->
        <test-method signature="userCanSearchUsers()[pri:0, instance:ru.technoserv.atmaven.tests.GithubTest@71d15f18]" started-at="2020-04-13T16:32:43 MSK" name="userCanSearchUsers" finished-at="2020-04-13T16:32:51 MSK" duration-ms="7436" status="FAIL">
          <exception class="com.codeborne.selenide.ex.ElementNotFound">
            <message>
              <![CDATA[Element not found {div.user-list}
Expected: exist
Screenshot: file:/Users/idsidorov/IdeaProjects/atmaven/build/reports/tests/ru/technoserv/atmaven/tests/GithubTest/userCanSearchUsers/1586784770782.2.png
Page source: file:/Users/idsidorov/IdeaProjects/atmaven/build/reports/tests/ru/technoserv/atmaven/tests/GithubTest/userCanSearchUsers/1586784770782.2.html
Timeout: 1 s.
Caused by: NoSuchElementException: no such element: Unable to locate element: {"method":"css selector","selector":"div.user-list"}]]>
            </message>
            <full-stacktrace>
              <![CDATA[Element not found {div.user-list}
Expected: exist
Screenshot: file:/Users/idsidorov/IdeaProjects/atmaven/build/reports/tests/ru/technoserv/atmaven/tests/GithubTest/userCanSearchUsers/1586784770782.2.png
Page source: file:/Users/idsidorov/IdeaProjects/atmaven/build/reports/tests/ru/technoserv/atmaven/tests/GithubTest/userCanSearchUsers/1586784770782.2.html
Timeout: 1 s.
Caused by: NoSuchElementException: no such element: Unable to locate element: {"method":"css selector","selector":"div.user-list"}
at com.codeborne.selenide.impl.WebElementSource.createElementNotFoundError(WebElementSource.java:37)
at com.codeborne.selenide.impl.ElementFinder.createElementNotFoundError(ElementFinder.java:100)
at com.codeborne.selenide.impl.WebElementSource.checkCondition(WebElementSource.java:65)
at com.codeborne.selenide.commands.Should.execute(Should.java:24)
at com.codeborne.selenide.commands.Should.execute(Should.java:10)
at com.codeborne.selenide.commands.Commands.execute(Commands.java:148)
at com.codeborne.selenide.impl.SelenideElementProxy.dispatchAndRetry(SelenideElementProxy.java:99)
at com.codeborne.selenide.impl.SelenideElementProxy.invoke(SelenideElementProxy.java:65)
at com.sun.proxy.$Proxy10.waitUntil(Unknown Source)
at ru.technoserv.atmaven.tests.pages.github.SearchPage.usersResults(SearchPage.java:25)
at ru.technoserv.atmaven.tests.GithubTest.userCanSearchUsers(GithubTest.java:37)
at java.base/jdk.internal.reflect.NativeMethodAccessorImpl.invoke0(Native Method)
at java.base/jdk.internal.reflect.NativeMethodAccessorImpl.invoke(NativeMethodAccessorImpl.java:62)
at java.base/jdk.internal.reflect.DelegatingMethodAccessorImpl.invoke(DelegatingMethodAccessorImpl.java:43)
at java.base/java.lang.reflect.Method.invoke(Method.java:564)
at org.testng.internal.MethodInvocationHelper.invokeMethod(MethodInvocationHelper.java:134)
at org.testng.internal.TestInvoker.invokeMethod(TestInvoker.java:597)
at org.testng.internal.TestInvoker.invokeTestMethod(TestInvoker.java:173)
at org.testng.internal.MethodRunner.runInSequence(MethodRunner.java:46)
at org.testng.internal.TestInvoker$MethodInvocationAgent.invoke(TestInvoker.java:816)
at org.testng.internal.TestInvoker.invokeTestMethods(TestInvoker.java:146)
at org.testng.internal.TestMethodWorker.invokeTestMethods(TestMethodWorker.java:146)
at org.testng.internal.TestMethodWorker.run(TestMethodWorker.java:128)
at java.base/java.util.ArrayList.forEach(ArrayList.java:1510)
at org.testng.TestRunner.privateRun(TestRunner.java:766)
at org.testng.TestRunner.run(TestRunner.java:587)
at org.testng.SuiteRunner.runTest(SuiteRunner.java:384)
at org.testng.SuiteRunner.runSequentially(SuiteRunner.java:378)
at org.testng.SuiteRunner.privateRun(SuiteRunner.java:337)
at org.testng.SuiteRunner.run(SuiteRunner.java:286)
at org.testng.SuiteRunnerWorker.runSuite(SuiteRunnerWorker.java:53)
at org.testng.SuiteRunnerWorker.run(SuiteRunnerWorker.java:96)
at org.testng.TestNG.runSuitesSequentially(TestNG.java:1187)
at org.testng.TestNG.runSuitesLocally(TestNG.java:1109)
at org.testng.TestNG.runSuites(TestNG.java:1039)
at org.testng.TestNG.run(TestNG.java:1007)
at com.intellij.rt.testng.IDEARemoteTestNG.run(IDEARemoteTestNG.java:66)
at com.intellij.rt.testng.RemoteTestNGStarter.main(RemoteTestNGStarter.java:110)
Caused by: org.openqa.selenium.NoSuchElementException: no such element: Unable to locate element: {"method":"css selector","selector":"div.user-list"}
  (Session info: chrome=80.0.3987.163)
For documentation on this error, please visit: https://www.seleniumhq.org/exceptions/no_such_element.html
Build info: version: '3.141.59', revision: 'e82be7d358', time: '2018-11-14T08:17:03'
System info: host: 'iMac-Igor.local', ip: '127.0.0.1', os.name: 'Mac OS X', os.arch: 'x86_64', os.version: '10.15.4', java.version: '14'
Driver info: org.openqa.selenium.chrome.ChromeDriver
Capabilities {acceptInsecureCerts: true, browserName: chrome, browserVersion: 80.0.3987.163, chrome: {chromedriverVersion: 80.0.3987.106 (f68069574609..., userDataDir: /var/folders/hr/ghjz30md3zl...}, goog:chromeOptions: {debuggerAddress: localhost:52555}, javascriptEnabled: true, networkConnectionEnabled: false, pageLoadStrategy: normal, platform: MAC, platformName: MAC, proxy: Proxy(), setWindowRect: true, strictFileInteractability: false, timeouts: {implicit: 0, pageLoad: 300000, script: 30000}, unhandledPromptBehavior: dismiss and notify}
Session ID: 302c99727f9f4d2b0dfd21bcbdd6e780
*** Element info: {Using=css selector, value=div.user-list}
at java.base/jdk.internal.reflect.NativeConstructorAccessorImpl.newInstance0(Native Method)
at java.base/jdk.internal.reflect.NativeConstructorAccessorImpl.newInstance(NativeConstructorAccessorImpl.java:62)
at java.base/jdk.internal.reflect.DelegatingConstructorAccessorImpl.newInstance(DelegatingConstructorAccessorImpl.java:45)
at java.base/java.lang.reflect.Constructor.newInstanceWithCaller(Constructor.java:500)
at java.base/java.lang.reflect.Constructor.newInstance(Constructor.java:481)
at org.openqa.selenium.remote.http.W3CHttpResponseCodec.createException(W3CHttpResponseCodec.java:187)
at org.openqa.selenium.remote.http.W3CHttpResponseCodec.decode(W3CHttpResponseCodec.java:122)
at org.openqa.selenium.remote.http.W3CHttpResponseCodec.decode(W3CHttpResponseCodec.java:49)
at org.openqa.selenium.remote.HttpCommandExecutor.execute(HttpCommandExecutor.java:158)
at org.openqa.selenium.remote.service.DriverCommandExecutor.execute(DriverCommandExecutor.java:83)
at org.openqa.selenium.remote.RemoteWebDriver.execute(RemoteWebDriver.java:552)
at org.openqa.selenium.remote.RemoteWebDriver.findElement(RemoteWebDriver.java:323)
at org.openqa.selenium.remote.RemoteWebDriver.findElementByCssSelector(RemoteWebDriver.java:420)
at org.openqa.selenium.By$ByCssSelector.findElement(By.java:431)
at org.openqa.selenium.remote.RemoteWebDriver.findElement(RemoteWebDriver.java:315)
at com.codeborne.selenide.impl.WebElementSelector.findElement(WebElementSelector.java:30)
at com.codeborne.selenide.impl.ElementFinder.getWebElement(ElementFinder.java:74)
at com.codeborne.selenide.impl.WebElementSource.checkCondition(WebElementSource.java:50)
... 35 more
]]>
            </full-stacktrace>
          </exception> <!-- com.codeborne.selenide.ex.ElementNotFound -->
          <reporter-output>
          </reporter-output>
        </test-method> <!-- userCanSearchUsers -->
      </class> <!-- ru.technoserv.atmaven.tests.GithubTest -->
      <class name="ru.technoserv.atmaven.tests.ElementExistsTest">
        <test-method is-config="true" signature="openSite()[pri:0, instance:ru.technoserv.atmaven.tests.ElementExistsTest@17695df3]" started-at="2020-04-13T16:32:51 MSK" name="openSite" finished-at="2020-04-13T16:32:54 MSK" duration-ms="2967" status="PASS">
          <reporter-output>
          </reporter-output>
        </test-method> <!-- openSite -->
        <test-method signature="elementExists()[pri:0, instance:ru.technoserv.atmaven.tests.ElementExistsTest@17695df3]" started-at="2020-04-13T16:32:54 MSK" name="elementExists" finished-at="2020-04-13T16:32:54 MSK" duration-ms="51" status="PASS">
          <reporter-output>
          </reporter-output>
        </test-method> <!-- elementExists -->
        <test-method is-config="true" signature="closeSite()[pri:0, instance:ru.technoserv.atmaven.tests.ElementExistsTest@17695df3]" started-at="2020-04-13T16:32:54 MSK" name="closeSite" finished-at="2020-04-13T16:32:54 MSK" duration-ms="66" status="PASS">
          <reporter-output>
          </reporter-output>
        </test-method> <!-- closeSite -->
      </class> <!-- ru.technoserv.atmaven.tests.ElementExistsTest -->
      <class name="ru.technoserv.atmaven.tests.SampleTest">
        <test-method signature="compareDouble()[pri:0, instance:ru.technoserv.atmaven.tests.SampleTest@de3a06f]" started-at="2020-04-13T16:32:58 MSK" name="compareDouble" finished-at="2020-04-13T16:32:58 MSK" duration-ms="0" status="PASS">
          <reporter-output>
          </reporter-output>
        </test-method> <!-- compareDouble -->
        <test-method signature="compareStrings()[pri:0, instance:ru.technoserv.atmaven.tests.SampleTest@de3a06f]" started-at="2020-04-13T16:32:58 MSK" name="compareStrings" finished-at="2020-04-13T16:32:58 MSK" duration-ms="0" status="PASS">
          <reporter-output>
          </reporter-output>
        </test-method> <!-- compareStrings -->
        <test-method signature="compareIntegers()[pri:0, instance:ru.technoserv.atmaven.tests.SampleTest@de3a06f]" started-at="2020-04-13T16:32:58 MSK" name="compareIntegers" finished-at="2020-04-13T16:32:58 MSK" duration-ms="0" status="PASS">
          <reporter-output>
          </reporter-output>
        </test-method> <!-- compareIntegers -->
        <test-method signature="stringContains()[pri:0, instance:ru.technoserv.atmaven.tests.SampleTest@de3a06f]" started-at="2020-04-13T16:32:58 MSK" name="stringContains" finished-at="2020-04-13T16:32:58 MSK" duration-ms="0" status="PASS">
          <reporter-output>
          </reporter-output>
        </test-method> <!-- stringContains -->
      </class> <!-- ru.technoserv.atmaven.tests.SampleTest -->
    </test> <!-- Test1 -->
  </suite> <!-- TestSuite -->
</testng-results>
